빌드 시작: 3/4/2016 3:04:45 AM
     1>2 노드의 "E:\test\GetDiskNumber\GetDiskNumber\GetDiskNumber.vcxproj" 프로젝트(build 대상)입니다.
     1>InitializeBuildStatus:
         "AlwaysCreate"이(가) 지정되었기 때문에 "Debug\GetDiskNumber.unsuccessfulbuild"을(를) 만들고 있습니다.
       ClCompile:
         모든 출력이 최신 상태입니다.
         C:\Program Files (x86)\Microsoft Visual Studio 10.0\VC\bin\CL.exe /c /ZI /nologo /W3 /WX- /Od /Oy- /D WIN32 /D _DEBUG /D _CONSOLE /D _UNICODE /D UNICODE /Gm /EHsc /RTC1 /MDd /GS /fp:precise /Zc:wchar_t /Zc:forScope /Yu"StdAfx.h" /Fp"Debug\GetDiskNumber.pch" /Fo"Debug\\" /Fd"Debug\vc100.pdb" /Gd /TP /analyze- /errorReport:prompt GetDiskNumber.cpp
         GetDiskNumber.cpp
     1>e:\test\getdisknumber\getdisknumber\getdisknumber.cpp(93): warning C4996: 'sprintf': This function or variable may be unsafe. Consider using sprintf_s instead. To disable deprecation, use _CRT_SECURE_NO_WARNINGS. See online help for details.
                 c:\program files (x86)\microsoft visual studio 10.0\vc\include\stdio.h(371) : 'sprintf' 선언을 참조하십시오.
     1>e:\test\getdisknumber\getdisknumber\getdisknumber.cpp(151): warning C4996: 'strcpy': This function or variable may be unsafe. Consider using strcpy_s instead. To disable deprecation, use _CRT_SECURE_NO_WARNINGS. See online help for details.
                 c:\program files (x86)\microsoft visual studio 10.0\vc\include\string.h(105) : 'strcpy' 선언을 참조하십시오.
     1>e:\test\getdisknumber\getdisknumber\getdisknumber.cpp(158): warning C4172: 지역 변수 또는 임시 변수의 주소를 반환하고 있습니다.
       ManifestResourceCompile:
         모든 출력이 최신 상태입니다.
       Link:
         C:\Program Files (x86)\Microsoft Visual Studio 10.0\VC\bin\link.exe /ERRORREPORT:PROMPT /OUT:"E:\test\GetDiskNumber\Debug\GetDiskNumber.exe" /INCREMENTAL /NOLOGO kernel32.lib user32.lib gdi32.lib winspool.lib comdlg32.lib advapi32.lib shell32.lib ole32.lib oleaut32.lib uuid.lib odbc32.lib odbccp32.lib /MANIFEST /ManifestFile:"Debug\GetDiskNumber.exe.intermediate.manifest" /MANIFESTUAC:"level='asInvoker' uiAccess='false'" /DEBUG /PDB:"E:\test\GetDiskNumber\Debug\GetDiskNumber.pdb" /SUBSYSTEM:CONSOLE /TLBID:1 /DYNAMICBASE /NXCOMPAT /IMPLIB:"E:\test\GetDiskNumber\Debug\GetDiskNumber.lib" /MACHINE:X86 Debug\GetDiskNumber.exe.embed.manifest.res
         Debug\GetDiskNumber.obj
         Debug\stdafx.obj
       Manifest:
         C:\Program Files (x86)\Microsoft SDKs\Windows\v7.0A\bin\mt.exe /nologo /verbose /out:"Debug\GetDiskNumber.exe.embed.manifest" /manifest Debug\GetDiskNumber.exe.intermediate.manifest
         모든 출력이 최신 상태입니다.
       LinkEmbedManifest:
         모든 출력이 최신 상태입니다.
         GetDiskNumber.vcxproj -> E:\test\GetDiskNumber\Debug\GetDiskNumber.exe
       FinalizeBuildStatus:
         "Debug\GetDiskNumber.unsuccessfulbuild" 파일을 삭제하고 있습니다.
         "Debug\GetDiskNumber.lastbuildstate"에 연결(touching)하고 있습니다.
     1>"E:\test\GetDiskNumber\GetDiskNumber\GetDiskNumber.vcxproj" 프로젝트를 빌드했습니다(build 대상).

빌드했습니다.

경과 시간: 00:00:01.35
